Checking if remote manifest is accessible...
Getting manifests from remote server...

Processing super-manifest https://github.com/cypresssemiconductorco/mtb-super-manifest/raw/v2.X/mtb-super-manifest-fv2.xml...
Successfully acquired the information.

Summary: 

BSP: CY8CKIT-062-BLE
Template Application(s): MonitoringSystem
Application(s) Root Path: C:/Alen/GitHub_Denzerek/PSoC_SensorIntegration

Press "Create" to create the selected application(s).
Collecting application data...


Info: The following entered on the command line will create the exact same project as that created with the GUI tool:
C:/Users/Austina/ModusToolbox/tools_2.4/project-creator/project-creator-cli.exe --board-id CY8CKIT-062-BLE --board-uri https://github.com/cypresssemiconductorco/TARGET_CY8CKIT-062-BLE --board-commit latest-v3.X --app-path C:/Alen/GitHub_Denzerek/PSoC_SensorIntegration/MonitoringSystem --cypress-tools C:/Users/Austina/ModusToolbox/tools_2.4 --target-dir C:/Alen/GitHub_Denzerek/PSoC_SensorIntegration --user-app-name GraphicLCDDemo_newHaven --output-for-machine --use-modus-shell

==============================================================================
= Copying 'C:/Alen/GitHub_Denzerek/PSoC_SensorIntegration/MonitoringSystem' =
==============================================================================
==============================================================================
= Cleaning launch configurations =
==============================================================================

==============================================================================
= Creating "TARGET_CY8CKIT-062-BLE.mtb" file(s) =
==============================================================================

==============================================================================
= Updating Makefile for "GraphicLCDDemo_newHaven" =
==============================================================================

==============================================================================
= Applying the Latest Version Locking for "GraphicLCDDemo_newHaven" =
==============================================================================

==============================================================================
= Getting Dependencies for "GraphicLCDDemo_newHaven" =
==============================================================================
C:/Users/Austina/ModusToolbox/tools_2.4/modus-shell/bin/make.exe getlibs CY_TOOLS_PATHS=C:/Users/Austina/ModusToolbox/tools_2.4
Tools Directory: C:/Users/Austina/ModusToolbox/tools_2.4

==============================================================================
= Importing libraries =
==============================================================================
Git is git version 2.33.0, found at /usr/bin/git

Resolving dependencies...
Checking if remote manifest is accessible...
Getting manifests from remote server...
Processing super-manifest https://github.com/cypresssemiconductorco/mtb-super-manifest/raw/v2.X/mtb-super-manifest-fv2.xml...
Successfully acquired the information.
INFO - Warning: Multiple versions of "core-make" requested. Keeping version "latest-v1.X" and discarding version "release-v1.9.0".
C:/Alen/GitHub_Denzerek/PSoC_SensorIntegration/GraphicLCDDemo_newHaven/libs/capsense.mtb was added
C:/Alen/GitHub_Denzerek/PSoC_SensorIntegration/GraphicLCDDemo_newHaven/libs/core-lib.mtb was added
C:/Alen/GitHub_Denzerek/PSoC_SensorIntegration/GraphicLCDDemo_newHaven/libs/core-make.mtb was added
C:/Alen/GitHub_Denzerek/PSoC_SensorIntegration/GraphicLCDDemo_newHaven/libs/mtb-hal-cat1.mtb was added
C:/Alen/GitHub_Denzerek/PSoC_SensorIntegration/GraphicLCDDemo_newHaven/libs/mtb-pdl-cat1.mtb was added
C:/Alen/GitHub_Denzerek/PSoC_SensorIntegration/GraphicLCDDemo_newHaven/libs/psoc6cm0p.mtb was added
C:/Alen/GitHub_Denzerek/PSoC_SensorIntegration/GraphicLCDDemo_newHaven/libs/recipe-make-cat1a.mtb was added
Dependencies resolved.

Searching application directory (.mtb)...
Found 9 .mtb file(s)
    Processing file "C:/Alen/GitHub_Denzerek/PSoC_SensorIntegration/GraphicLCDDemo_newHaven/deps/TARGET_CY8CKIT-062-BLE.mtb"
    Processing file "C:/Alen/GitHub_Denzerek/PSoC_SensorIntegration/GraphicLCDDemo_newHaven/deps/sensor-xensiv-dps3xx.mtb"
    Processing file "C:/Alen/GitHub_Denzerek/PSoC_SensorIntegration/GraphicLCDDemo_newHaven/libs/capsense.mtb"
    Processing file "C:/Alen/GitHub_Denzerek/PSoC_SensorIntegration/GraphicLCDDemo_newHaven/libs/core-lib.mtb"
    Processing file "C:/Alen/GitHub_Denzerek/PSoC_SensorIntegration/GraphicLCDDemo_newHaven/libs/core-make.mtb"
    Processing file "C:/Alen/GitHub_Denzerek/PSoC_SensorIntegration/GraphicLCDDemo_newHaven/libs/mtb-hal-cat1.mtb"
    Processing file "C:/Alen/GitHub_Denzerek/PSoC_SensorIntegration/GraphicLCDDemo_newHaven/libs/mtb-pdl-cat1.mtb"
WARNING: Uncommitted/Untracked files detected in "../mtb_shared/mtb-pdl-cat1/release-v2.3.1".
        Save your work in source control before updating this library.
        Skipping current reference...
    Processing file "C:/Alen/GitHub_Denzerek/PSoC_SensorIntegration/GraphicLCDDemo_newHaven/libs/psoc6cm0p.mtb"
    Processing file "C:/Alen/GitHub_Denzerek/PSoC_SensorIntegration/GraphicLCDDemo_newHaven/libs/recipe-make-cat1a.mtb"
Libraries processed.
Created file "C:/Alen/GitHub_Denzerek/PSoC_SensorIntegration/GraphicLCDDemo_newHaven/libs/mtb.mk".


==============================================================================
WARNING: Uncommitted/Untracked files detected in "../mtb_shared/mtb-pdl-cat1/release-v2.3.1".
        Save your work in source control before updating this library.
        Skipping current reference...

==============================================================================
= Import complete =
==============================================================================

Project "GraphicLCDDemo_newHaven" created successfully.
==============================================================================
= Export "GraphicLCDDemo_newHaven" application to Eclipse IDE for ModusToolbox™ =
==============================================================================
C:/Users/Austina/ModusToolbox/tools_2.4/modus-shell/bin/make.exe eclipse CY_IDE_PRJNAME=GraphicLCDDemo_newHaven CY_MAKE_IDE=eclipse CY_MAKE_IDE_VERSION=2.4 CY_TOOLS_PATHS=C:/Users/Austina/ModusToolbox/tools_2.4
Tools Directory: C:/Users/Austina/ModusToolbox/tools_2.4
CY8CKIT-062-BLE.mk: ./libs/TARGET_CY8CKIT-062-BLE/CY8CKIT-062-BLE.mk

Running device-configurator to update stale files...
Log file= "C:/Users/Austina/AppData/Local/Temp/device-configurator-cli/device-configurator-cli-20220320.215738.226-19824.log"
Command line= "C:/Users/Austina/ModusToolbox/tools_2.4/device-configurator/device-configurator-cli.exe --library ../mtb_shared/mtb-pdl-cat1/release-v2.3.1/devicesupport.xml --build ./COMPONENT_CUSTOM_DESIGN_MODUS/TARGET_CY8CKIT-062-BLE/design.modus --check-mcu=CY8C6347BZI-BLD53 --check-coprocessors= --readonly"
-> Generated device configuration file(s) in ./COMPONENT_CUSTOM_DESIGN_MODUS/TARGET_CY8CKIT-062-BLE/GeneratedSource

Prebuild operations complete
Commencing build operations...

Tools Directory: C:/Users/Austina/ModusToolbox/tools_2.4
CY8CKIT-062-BLE.mk: ./libs/TARGET_CY8CKIT-062-BLE/CY8CKIT-062-BLE.mk

Initializing build: mtb-example-psoc6-empty-app Debug CY8CKIT-062-BLE GCC_ARM

Auto-discovery in progress...
-> Found 214 .c file(s)
-> Found 46 .S file(s)
-> Found 22 .s file(s)
-> Found 0 .cpp file(s)
-> Found 0 .o file(s)
-> Found 6 .a file(s)
-> Found 526 .h file(s)
-> Found 0 .hpp file(s)
-> Found 0 resource file(s)
Applying filters...
Auto-discovery complete

Constructing build rules...
Build rules construction complete

INFO: Eclipse project files ".cproject" and ".project" already exist. Skipping project generation...

==============================================================================
= Generating IDE files =
==============================================================================

Generated Eclipse launch config files:  "GraphicLCDDemo_newHaven Attach (JLink).launch" "GraphicLCDDemo_newHaven Attach (KitProg3_MiniProg4).launch" "GraphicLCDDemo_newHaven Debug (JLink).launch" "GraphicLCDDemo_newHaven Debug (KitProg3_MiniProg4).launch" "GraphicLCDDemo_newHaven Erase (JLink).launch" "GraphicLCDDemo_newHaven Erase (KitProg3_MiniProg4).launch" "GraphicLCDDemo_newHaven Program (JLink).launch" "GraphicLCDDemo_newHaven Program (KitProg3_MiniProg4).launch"

============================================================================== 
= INFO message(s) = 
============================================================================== 
 INFO: Eclipse project files ".cproject" and ".project" already exist. Skipping project generation... 
 
The project "GraphicLCDDemo_newHaven" was successfully exported to Eclipse IDE for ModusToolbox™.

Successfully created and exported "GraphicLCDDemo_newHaven" application.
