Checking if remote manifest is accessible...
Getting manifests from remote server...

Found environment variable CyRemoteManifestOverride=https://raw.githubusercontent.com/Denzerek/BSPManifests/main/mtb-super-manifest-2.X/mtb-super-manifest-fv2.xml
Processing super-manifest https://raw.githubusercontent.com/Denzerek/BSPManifests/main/mtb-super-manifest-2.X/mtb-super-manifest-fv2.xml...
Successfully acquired the information.

Summary: 

BSP: CY8CKIT-062-BLE
Template Application(s): Empty PSoC6 App
Application(s) Root Path: C:/Alen/GitHub_Denzerek/PSoC_SensorIntegration/RTC_DS3231SN

Press "Create" to create the selected application(s).
Collecting application data...


Info: The following entered on the command line will create the exact same project as that created with the GUI tool:
C:/Users/Austina/ModusToolbox/tools_2.4/project-creator/project-creator-cli.exe --board-id CY8CKIT-062-BLE --board-uri https://github.com/cypresssemiconductorco/TARGET_CY8CKIT-062-BLE --board-commit latest-v2.X --app-id mtb-example-psoc6-empty-app --app-uri https://github.com/cypresssemiconductorco/mtb-example-psoc6-empty-app --app-commit latest-v2.X --cypress-tools C:/Users/Austina/ModusToolbox/tools_2.4 --target-dir C:/Alen/GitHub_Denzerek/PSoC_SensorIntegration/RTC_DS3231SN --user-app-name RTC_Interfacing --output-for-machine --use-modus-shell


==============================================================================
= Cloning 'mtb-example-psoc6-empty-app' =
==============================================================================
Cloning https://github.com/cypresssemiconductorco/mtb-example-psoc6-empty-app into C:/Alen/GitHub_Denzerek/PSoC_SensorIntegration/RTC_DS3231SN directory...
env git clone --progress --origin cypress https://github.com/cypresssemiconductorco/mtb-example-psoc6-empty-app RTC_Interfacing
Cloning into 'RTC_Interfacing'...
remote: Enumerating objects: 34, done.        
remote: Counting objects: 100% (34/34), done.        
remote: Compressing objects: 100% (22/22), done.        
remote: Total 34 (delta 11), reused 28 (delta 8), pack-reused 0        
Receiving objects: 100% (34/34), 69.86 KiB | 406.00 KiB/s, done.
Resolving deltas: 100% (11/11), done.

Checking out latest-v2.X...
env git checkout --progress latest-v2.X
Note: switching to 'latest-v2.X'.

You are in 'detached HEAD' state. You can look around, make experimental
changes and commit them, and you can discard any commits you make in this
state without impacting any branches by switching back to a branch.

If you want to create a new branch to retain commits you create, you may
do so (now or later) by using -c with the switch command. Example:

  git switch -c <new-branch-name>

Or undo this operation with:

  git switch -

Turn off this advice by setting config variable advice.detachedHead to false

HEAD is now at 5e1f3c9 Upload mtb-example-psoc6-empty-app 2.1.0.114

==============================================================================
= Creating "TARGET_CY8CKIT-062-BLE.mtb" file(s) =
==============================================================================
C:/Alen/GitHub_Denzerek/PSoC_SensorIntegration/RTC_DS3231SN/RTC_Interfacing/deps/TARGET_CY8CKIT-062-BLE.mtb was added
C:/Alen/GitHub_Denzerek/PSoC_SensorIntegration/RTC_DS3231SN/RTC_Interfacing/deps/TARGET_CY8CPROTO-062-4343W.mtb was removed

==============================================================================
= Updating Makefile for "RTC_Interfacing" =
==============================================================================

==============================================================================
= Applying the Latest Version Locking for "RTC_Interfacing" =
==============================================================================
C:/Alen/GitHub_Denzerek/PSoC_SensorIntegration/RTC_DS3231SN/RTC_Interfacing/deps/TARGET_CY8CKIT-062-BLE.mtb was updated

==============================================================================
= Getting Dependencies for "RTC_Interfacing" =
==============================================================================
C:/Users/Austina/ModusToolbox/tools_2.4/modus-shell/bin/make.exe getlibs CY_TOOLS_PATHS=C:/Users/Austina/ModusToolbox/tools_2.4
Tools Directory: C:/Users/Austina/ModusToolbox/tools_2.4

==============================================================================
= Importing libraries =
==============================================================================
Git is git version 2.33.0, found at /usr/bin/git

Resolving dependencies...
Checking if remote manifest is accessible...
Getting manifests from remote server...
Found environment variable CyRemoteManifestOverride=https://raw.githubusercontent.com/Denzerek/BSPManifests/main/mtb-super-manifest-2.X/mtb-super-manifest-fv2.xml
Processing super-manifest https://raw.githubusercontent.com/Denzerek/BSPManifests/main/mtb-super-manifest-2.X/mtb-super-manifest-fv2.xml...
Successfully acquired the information.
INFO - Warning: Multiple versions of "core-make" requested. Keeping version "latest-v1.X" and discarding version "release-v1.9.0".
C:/Alen/GitHub_Denzerek/PSoC_SensorIntegration/RTC_DS3231SN/RTC_Interfacing/libs/capsense.mtb was added
C:/Alen/GitHub_Denzerek/PSoC_SensorIntegration/RTC_DS3231SN/RTC_Interfacing/libs/core-lib.mtb was added
C:/Alen/GitHub_Denzerek/PSoC_SensorIntegration/RTC_DS3231SN/RTC_Interfacing/libs/core-make.mtb was added
C:/Alen/GitHub_Denzerek/PSoC_SensorIntegration/RTC_DS3231SN/RTC_Interfacing/libs/mtb-hal-cat1.mtb was added
C:/Alen/GitHub_Denzerek/PSoC_SensorIntegration/RTC_DS3231SN/RTC_Interfacing/libs/mtb-pdl-cat1.mtb was added
C:/Alen/GitHub_Denzerek/PSoC_SensorIntegration/RTC_DS3231SN/RTC_Interfacing/libs/psoc6cm0p.mtb was added
C:/Alen/GitHub_Denzerek/PSoC_SensorIntegration/RTC_DS3231SN/RTC_Interfacing/libs/recipe-make-cat1a.mtb was added
Dependencies resolved.

Searching application directory (.mtb)...
Found 8 .mtb file(s)
    Processing file "C:/Alen/GitHub_Denzerek/PSoC_SensorIntegration/RTC_DS3231SN/RTC_Interfacing/deps/TARGET_CY8CKIT-062-BLE.mtb"
    Processing file "C:/Alen/GitHub_Denzerek/PSoC_SensorIntegration/RTC_DS3231SN/RTC_Interfacing/libs/capsense.mtb"
    Processing file "C:/Alen/GitHub_Denzerek/PSoC_SensorIntegration/RTC_DS3231SN/RTC_Interfacing/libs/core-lib.mtb"
    Processing file "C:/Alen/GitHub_Denzerek/PSoC_SensorIntegration/RTC_DS3231SN/RTC_Interfacing/libs/core-make.mtb"
    Processing file "C:/Alen/GitHub_Denzerek/PSoC_SensorIntegration/RTC_DS3231SN/RTC_Interfacing/libs/mtb-hal-cat1.mtb"
    Processing file "C:/Alen/GitHub_Denzerek/PSoC_SensorIntegration/RTC_DS3231SN/RTC_Interfacing/libs/mtb-pdl-cat1.mtb"
    Processing file "C:/Alen/GitHub_Denzerek/PSoC_SensorIntegration/RTC_DS3231SN/RTC_Interfacing/libs/psoc6cm0p.mtb"
    Processing file "C:/Alen/GitHub_Denzerek/PSoC_SensorIntegration/RTC_DS3231SN/RTC_Interfacing/libs/recipe-make-cat1a.mtb"
Libraries processed.
Created file "C:/Alen/GitHub_Denzerek/PSoC_SensorIntegration/RTC_DS3231SN/RTC_Interfacing/libs/mtb.mk".


==============================================================================
= Import complete =
==============================================================================

Project "RTC_Interfacing" created successfully.
==============================================================================
= Export "RTC_Interfacing" application to Eclipse IDE for ModusToolbox™ =
==============================================================================
C:/Users/Austina/ModusToolbox/tools_2.4/modus-shell/bin/make.exe eclipse CY_IDE_PRJNAME=RTC_Interfacing CY_MAKE_IDE=eclipse CY_MAKE_IDE_VERSION=2.4 CY_TOOLS_PATHS=C:/Users/Austina/ModusToolbox/tools_2.4
Tools Directory: C:/Users/Austina/ModusToolbox/tools_2.4
CY8CKIT-062-BLE.mk: ./libs/TARGET_CY8CKIT-062-BLE/CY8CKIT-062-BLE.mk

Running device-configurator to update stale files...
Log file= "C:/Users/Austina/AppData/Local/Temp/device-configurator-cli/device-configurator-cli-20211112.165805.553-1180.log"
Command line= "C:/Users/Austina/ModusToolbox/tools_2.4/device-configurator/device-configurator-cli.exe --library ../mtb_shared/mtb-pdl-cat1/release-v2.3.0/devicesupport.xml --build ./libs/TARGET_CY8CKIT-062-BLE/COMPONENT_BSP_DESIGN_MODUS/design.modus --check-mcu=CY8C6347BZI-BLD53 --check-coprocessors= --readonly"
INFO: The design file was last saved with a different version of the tools than was used to perform code generation. Last saved with: Tools Package 2.2.0.2790. Current: Tools Package 2.4.0.5972 (C:/Users/Austina/ModusToolbox/tools_2.4)
-> Generated device configuration file(s) in ./libs/TARGET_CY8CKIT-062-BLE/COMPONENT_BSP_DESIGN_MODUS/GeneratedSource

Prebuild operations complete
Commencing build operations...

Tools Directory: C:/Users/Austina/ModusToolbox/tools_2.4
CY8CKIT-062-BLE.mk: ./libs/TARGET_CY8CKIT-062-BLE/CY8CKIT-062-BLE.mk

Initializing build: mtb-example-psoc6-empty-app Debug CY8CKIT-062-BLE GCC_ARM

Auto-discovery in progress...
-> Found 188 .c file(s)
-> Found 46 .S file(s)
-> Found 22 .s file(s)
-> Found 0 .cpp file(s)
-> Found 0 .o file(s)
-> Found 6 .a file(s)
-> Found 498 .h file(s)
-> Found 0 .hpp file(s)
-> Found 0 resource file(s)
Applying filters...
Auto-discovery complete

Constructing build rules...
Build rules construction complete

==============================================================================
= Generating IDE files =
==============================================================================

Generated Eclipse launch config files:  "RTC_Interfacing Attach (JLink).launch" "RTC_Interfacing Attach (KitProg3_MiniProg4).launch" "RTC_Interfacing Debug (JLink).launch" "RTC_Interfacing Debug (KitProg3_MiniProg4).launch" "RTC_Interfacing Erase (JLink).launch" "RTC_Interfacing Erase (KitProg3_MiniProg4).launch" "RTC_Interfacing Program (JLink).launch" "RTC_Interfacing Program (KitProg3_MiniProg4).launch"
  
The project "RTC_Interfacing" was successfully exported to Eclipse IDE for ModusToolbox™.

Successfully created and exported "RTC_Interfacing" application.
